<?xml version="1.0" encoding="UTF-8"?>
<!-- Generated by org.testng.reporters.JUnitXMLReporter -->
<testsuite hostname="LAPTOP-AS8LDC74" ignored="0" name="Testing" tests="3" failures="1" timestamp="2022-07-27T20:04:07 IST" time="88.986" errors="0">
  <testcase name="Dummy" time="0.024" classname="com.qa.test.LoginTest">
    <skipped/>
  </testcase> <!-- Dummy -->
  <testcase name="Dummy" time="0.005" classname="com.qa.test.LoginTest">
    <skipped/>
  </testcase> <!-- Dummy -->
  <testcase name="Dummy" time="0.0" classname="com.qa.test.LoginTest">
    <failure type="java.lang.AssertionError" message="expected [true] but found [false]">
      <![CDATA[java.lang.AssertionError: expected [true] but found [false]
at com.qa.test.LoginTest.Dummy(LoginTest.java:40)
at java.util.ArrayList.forEach(ArrayList.java:1259)
... Removed 31 stack frames]]>
    </failure>
  </testcase> <!-- Dummy -->
</testsuite> <!-- Testing -->
